Determining if the pthread_create exist failed with the following output:
Change Dir: /home/bobac3/ros_ws/build/CMakeFiles/CMakeTmp

Run Build Command:"/usr/bin/make" "cmTC_83705/fast"
/usr/bin/make -f CMakeFiles/cmTC_83705.dir/build.make CMakeFiles/cmTC_83705.dir/build
make[1]: 进入目录“/home/bobac3/ros_ws/build/CMakeFiles/CMakeTmp”
Building C object CMakeFiles/cmTC_83705.dir/CheckSymbolExists.c.o
/usr/bin/cc    -o CMakeFiles/cmTC_83705.dir/CheckSymbolExists.c.o   -c /home/bobac3/ros_ws/build/CMakeFiles/CMakeTmp/CheckSymbolExists.c
Linking C executable cmTC_83705
/usr/bin/cmake -E cmake_link_script CMakeFiles/cmTC_83705.dir/link.txt --verbose=1
/usr/bin/cc      -rdynamic CMakeFiles/cmTC_83705.dir/CheckSymbolExists.c.o  -o cmTC_83705 
CMakeFiles/cmTC_83705.dir/CheckSymbolExists.c.o：在函数‘main’中：
CheckSymbolExists.c:(.text+0x1b)：对‘pthread_create’未定义的引用
collect2: error: ld returned 1 exit status
CMakeFiles/cmTC_83705.dir/build.make:97: recipe for target 'cmTC_83705' failed
make[1]: *** [cmTC_83705] Error 1
make[1]: 离开目录“/home/bobac3/ros_ws/build/CMakeFiles/CMakeTmp”
Makefile:126: recipe for target 'cmTC_83705/fast' failed
make: *** [cmTC_83705/fast] Error 2

File /home/bobac3/ros_ws/build/CMakeFiles/CMakeTmp/CheckSymbolExists.c:
/* */
#include <pthread.h>

int main(int argc, char** argv)
{
  (void)argv;
#ifndef pthread_create
  return ((int*)(&pthread_create))[argc];
#else
  (void)argc;
  return 0;
#endif
}

Determining if the function pthread_create exists in the pthreads failed with the following output:
Change Dir: /home/bobac3/ros_ws/build/CMakeFiles/CMakeTmp

Run Build Command:"/usr/bin/make" "cmTC_332ac/fast"
/usr/bin/make -f CMakeFiles/cmTC_332ac.dir/build.make CMakeFiles/cmTC_332ac.dir/build
make[1]: 进入目录“/home/bobac3/ros_ws/build/CMakeFiles/CMakeTmp”
Building C object CMakeFiles/cmTC_332ac.dir/CheckFunctionExists.c.o
/usr/bin/cc   -DCHECK_FUNCTION_EXISTS=pthread_create   -o CMakeFiles/cmTC_332ac.dir/CheckFunctionExists.c.o   -c /usr/share/cmake-3.10/Modules/CheckFunctionExists.c
Linking C executable cmTC_332ac
/usr/bin/cmake -E cmake_link_script CMakeFiles/cmTC_332ac.dir/link.txt --verbose=1
/usr/bin/cc  -DCHECK_FUNCTION_EXISTS=pthread_create    -rdynamic CMakeFiles/cmTC_332ac.dir/CheckFunctionExists.c.o  -o cmTC_332ac -lpthreads 
/usr/bin/ld: 找不到 -lpthreads
collect2: error: ld returned 1 exit status
CMakeFiles/cmTC_332ac.dir/build.make:97: recipe for target 'cmTC_332ac' failed
make[1]: *** [cmTC_332ac] Error 1
make[1]: 离开目录“/home/bobac3/ros_ws/build/CMakeFiles/CMakeTmp”
Makefile:126: recipe for target 'cmTC_332ac/fast' failed
make: *** [cmTC_332ac/fast] Error 2


